mode: set
github.com/endorses/lippycat/internal/pkg/voip/alerts.go:21.37,22.11 1 0
github.com/endorses/lippycat/internal/pkg/voip/alerts.go:23.17,24.16 1 0
github.com/endorses/lippycat/internal/pkg/voip/alerts.go:25.20,26.19 1 0
github.com/endorses/lippycat/internal/pkg/voip/alerts.go:27.21,28.20 1 0
github.com/endorses/lippycat/internal/pkg/voip/alerts.go:29.10,30.19 1 0
github.com/endorses/lippycat/internal/pkg/voip/alerts.go:54.58,56.21 2 0
github.com/endorses/lippycat/internal/pkg/voip/alerts.go:57.20,58.22 1 0
github.com/endorses/lippycat/internal/pkg/voip/alerts.go:59.21,60.23 1 0
github.com/endorses/lippycat/internal/pkg/voip/alerts.go:63.2,69.12 2 0
github.com/endorses/lippycat/internal/pkg/voip/alerts.go:75.62,82.2 2 0
github.com/endorses/lippycat/internal/pkg/voip/alerts.go:124.48,139.2 1 0
github.com/endorses/lippycat/internal/pkg/voip/alerts.go:142.65,143.23 1 0
github.com/endorses/lippycat/internal/pkg/voip/alerts.go:143.23,145.3 1 0
github.com/endorses/lippycat/internal/pkg/voip/alerts.go:147.2,162.11 4 0
github.com/endorses/lippycat/internal/pkg/voip/alerts.go:166.58,170.2 3 0
github.com/endorses/lippycat/internal/pkg/voip/alerts.go:173.50,177.2 3 0
github.com/endorses/lippycat/internal/pkg/voip/alerts.go:180.33,181.22 1 0
github.com/endorses/lippycat/internal/pkg/voip/alerts.go:181.22,183.3 1 0
github.com/endorses/lippycat/internal/pkg/voip/alerts.go:184.2,184.22 1 0
github.com/endorses/lippycat/internal/pkg/voip/alerts.go:184.22,186.3 1 0
github.com/endorses/lippycat/internal/pkg/voip/alerts.go:190.35,191.15 1 0
github.com/endorses/lippycat/internal/pkg/voip/alerts.go:191.15,192.31 1 0
github.com/endorses/lippycat/internal/pkg/voip/alerts.go:192.31,194.4 1 0
github.com/endorses/lippycat/internal/pkg/voip/alerts.go:197.2,199.6 2 0
github.com/endorses/lippycat/internal/pkg/voip/alerts.go:199.6,200.10 1 0
github.com/endorses/lippycat/internal/pkg/voip/alerts.go:201.24,202.10 1 0
github.com/endorses/lippycat/internal/pkg/voip/alerts.go:203.22,208.16 4 0
github.com/endorses/lippycat/internal/pkg/voip/alerts.go:208.16,209.13 1 0
github.com/endorses/lippycat/internal/pkg/voip/alerts.go:213.4,214.63 2 0
github.com/endorses/lippycat/internal/pkg/voip/alerts.go:214.63,215.33 1 0
github.com/endorses/lippycat/internal/pkg/voip/alerts.go:215.33,218.6 2 0
github.com/endorses/lippycat/internal/pkg/voip/alerts.go:218.11,221.69 2 0
github.com/endorses/lippycat/internal/pkg/voip/alerts.go:221.69,225.7 1 0
github.com/endorses/lippycat/internal/pkg/voip/alerts.go:225.12,225.75 1 0
github.com/endorses/lippycat/internal/pkg/voip/alerts.go:225.75,229.7 1 0
github.com/endorses/lippycat/internal/pkg/voip/alerts.go:231.10,232.33 1 0
github.com/endorses/lippycat/internal/pkg/voip/alerts.go:232.33,237.6 3 0
github.com/endorses/lippycat/internal/pkg/voip/alerts.go:241.4,244.26 4 0
github.com/endorses/lippycat/internal/pkg/voip/alerts.go:250.76,251.70 1 0
github.com/endorses/lippycat/internal/pkg/voip/alerts.go:251.70,254.67 2 0
github.com/endorses/lippycat/internal/pkg/voip/alerts.go:254.67,263.4 1 0
github.com/endorses/lippycat/internal/pkg/voip/alerts.go:263.9,263.73 1 0
github.com/endorses/lippycat/internal/pkg/voip/alerts.go:263.73,272.4 1 0
github.com/endorses/lippycat/internal/pkg/voip/alerts.go:272.9,276.4 2 0
github.com/endorses/lippycat/internal/pkg/voip/alerts.go:281.72,282.66 1 0
github.com/endorses/lippycat/internal/pkg/voip/alerts.go:282.66,285.63 2 0
github.com/endorses/lippycat/internal/pkg/voip/alerts.go:285.63,294.4 1 0
github.com/endorses/lippycat/internal/pkg/voip/alerts.go:294.9,294.69 1 0
github.com/endorses/lippycat/internal/pkg/voip/alerts.go:294.69,303.4 1 0
github.com/endorses/lippycat/internal/pkg/voip/alerts.go:303.9,307.4 2 0
github.com/endorses/lippycat/internal/pkg/voip/alerts.go:312.44,315.67 2 0
github.com/endorses/lippycat/internal/pkg/voip/alerts.go:315.67,324.3 1 0
github.com/endorses/lippycat/internal/pkg/voip/alerts.go:324.8,324.73 1 0
github.com/endorses/lippycat/internal/pkg/voip/alerts.go:324.73,333.3 1 0
github.com/endorses/lippycat/internal/pkg/voip/alerts.go:333.8,337.3 2 0
github.com/endorses/lippycat/internal/pkg/voip/alerts.go:341.45,344.37 2 0
github.com/endorses/lippycat/internal/pkg/voip/alerts.go:344.37,347.62 2 0
github.com/endorses/lippycat/internal/pkg/voip/alerts.go:347.62,357.4 1 0
github.com/endorses/lippycat/internal/pkg/voip/alerts.go:357.9,357.68 1 0
github.com/endorses/lippycat/internal/pkg/voip/alerts.go:357.68,367.4 1 0
github.com/endorses/lippycat/internal/pkg/voip/alerts.go:367.9,371.4 2 0
github.com/endorses/lippycat/internal/pkg/voip/alerts.go:376.126,381.75 3 0
github.com/endorses/lippycat/internal/pkg/voip/alerts.go:381.75,386.3 3 0
github.com/endorses/lippycat/internal/pkg/voip/alerts.go:389.2,402.38 3 0
github.com/endorses/lippycat/internal/pkg/voip/alerts.go:402.38,403.52 1 0
github.com/endorses/lippycat/internal/pkg/voip/alerts.go:403.52,405.4 1 0
github.com/endorses/lippycat/internal/pkg/voip/alerts.go:410.49,414.69 3 0
github.com/endorses/lippycat/internal/pkg/voip/alerts.go:414.69,431.39 5 0
github.com/endorses/lippycat/internal/pkg/voip/alerts.go:431.39,432.63 1 0
github.com/endorses/lippycat/internal/pkg/voip/alerts.go:432.63,434.5 1 0
github.com/endorses/lippycat/internal/pkg/voip/alerts.go:440.51,445.40 4 0
github.com/endorses/lippycat/internal/pkg/voip/alerts.go:445.40,446.22 1 0
github.com/endorses/lippycat/internal/pkg/voip/alerts.go:446.22,448.4 1 0
github.com/endorses/lippycat/internal/pkg/voip/alerts.go:450.2,450.15 1 0
github.com/endorses/lippycat/internal/pkg/voip/alerts.go:454.48,459.40 4 0
github.com/endorses/lippycat/internal/pkg/voip/alerts.go:459.40,461.3 1 0
github.com/endorses/lippycat/internal/pkg/voip/alerts.go:462.2,462.15 1 0
github.com/endorses/lippycat/internal/pkg/voip/alerts.go:472.38,473.29 1 0
github.com/endorses/lippycat/internal/pkg/voip/alerts.go:473.29,478.32 3 0
github.com/endorses/lippycat/internal/pkg/voip/alerts.go:478.32,481.4 2 0
github.com/endorses/lippycat/internal/pkg/voip/alerts.go:483.3,483.31 1 0
github.com/endorses/lippycat/internal/pkg/voip/alerts.go:483.31,486.4 2 0
github.com/endorses/lippycat/internal/pkg/voip/alerts.go:488.3,488.51 1 0
github.com/endorses/lippycat/internal/pkg/voip/alerts.go:490.2,490.27 1 0
github.com/endorses/lippycat/internal/pkg/voip/alerts.go:494.26,495.31 1 0
github.com/endorses/lippycat/internal/pkg/voip/alerts.go:495.31,497.3 1 0
github.com/endorses/lippycat/internal/pkg/voip/calltracker.go:53.32,54.24 1 1
github.com/endorses/lippycat/internal/pkg/voip/calltracker.go:54.24,56.3 1 1
github.com/endorses/lippycat/internal/pkg/voip/calltracker.go:57.2,57.23 1 1
github.com/endorses/lippycat/internal/pkg/voip/calltracker.go:60.36,77.2 5 1
github.com/endorses/lippycat/internal/pkg/voip/calltracker.go:79.39,83.24 3 1
github.com/endorses/lippycat/internal/pkg/voip/calltracker.go:83.24,86.3 2 1
github.com/endorses/lippycat/internal/pkg/voip/calltracker.go:90.45,91.33 1 1
github.com/endorses/lippycat/internal/pkg/voip/calltracker.go:91.33,95.13 3 1
github.com/endorses/lippycat/internal/pkg/voip/calltracker.go:95.13,98.4 2 1
github.com/endorses/lippycat/internal/pkg/voip/calltracker.go:103.35,104.28 1 1
github.com/endorses/lippycat/internal/pkg/voip/calltracker.go:104.28,105.30 1 1
github.com/endorses/lippycat/internal/pkg/voip/calltracker.go:105.30,107.4 1 1
github.com/endorses/lippycat/internal/pkg/voip/calltracker.go:109.3,110.36 2 1
github.com/endorses/lippycat/internal/pkg/voip/calltracker.go:110.36,111.27 1 1
github.com/endorses/lippycat/internal/pkg/voip/calltracker.go:111.27,113.5 1 0
github.com/endorses/lippycat/internal/pkg/voip/calltracker.go:114.4,114.27 1 1
github.com/endorses/lippycat/internal/pkg/voip/calltracker.go:114.27,116.5 1 0
github.com/endorses/lippycat/internal/pkg/voip/calltracker.go:117.4,117.26 1 1
github.com/endorses/lippycat/internal/pkg/voip/calltracker.go:119.3,119.17 1 1
github.com/endorses/lippycat/internal/pkg/voip/calltracker.go:124.28,126.2 1 1
github.com/endorses/lippycat/internal/pkg/voip/calltracker.go:128.54,135.2 5 1
github.com/endorses/lippycat/internal/pkg/voip/calltracker.go:137.48,143.13 5 1
github.com/endorses/lippycat/internal/pkg/voip/calltracker.go:143.13,145.3 1 1
github.com/endorses/lippycat/internal/pkg/voip/calltracker.go:147.2,147.20 1 1
github.com/endorses/lippycat/internal/pkg/voip/calltracker.go:150.73,156.13 5 1
github.com/endorses/lippycat/internal/pkg/voip/calltracker.go:156.13,164.44 2 1
github.com/endorses/lippycat/internal/pkg/voip/calltracker.go:164.44,165.45 1 0
github.com/endorses/lippycat/internal/pkg/voip/calltracker.go:165.45,171.5 2 0
github.com/endorses/lippycat/internal/pkg/voip/calltracker.go:173.3,173.33 1 1
github.com/endorses/lippycat/internal/pkg/voip/calltracker.go:175.2,175.13 1 1
github.com/endorses/lippycat/internal/pkg/voip/calltracker.go:178.40,179.55 1 1
github.com/endorses/lippycat/internal/pkg/voip/calltracker.go:179.55,181.3 1 1
github.com/endorses/lippycat/internal/pkg/voip/calltracker.go:183.2,188.16 5 1
github.com/endorses/lippycat/internal/pkg/voip/calltracker.go:188.16,190.3 1 0
github.com/endorses/lippycat/internal/pkg/voip/calltracker.go:192.2,193.16 2 1
github.com/endorses/lippycat/internal/pkg/voip/calltracker.go:193.16,194.23 1 0
github.com/endorses/lippycat/internal/pkg/voip/calltracker.go:194.23,196.4 1 0
github.com/endorses/lippycat/internal/pkg/voip/calltracker.go:197.3,197.70 1 0
github.com/endorses/lippycat/internal/pkg/voip/calltracker.go:200.2,203.94 3 1
github.com/endorses/lippycat/internal/pkg/voip/calltracker.go:203.94,207.3 3 0
github.com/endorses/lippycat/internal/pkg/voip/calltracker.go:209.2,209.94 1 1
github.com/endorses/lippycat/internal/pkg/voip/calltracker.go:209.94,213.3 3 0
github.com/endorses/lippycat/internal/pkg/voip/calltracker.go:215.2,215.12 1 1
github.com/endorses/lippycat/internal/pkg/voip/calltracker.go:218.33,220.14 1 1
github.com/endorses/lippycat/internal/pkg/voip/calltracker.go:220.14,222.3 1 1
github.com/endorses/lippycat/internal/pkg/voip/calltracker.go:225.2,229.37 3 1
github.com/endorses/lippycat/internal/pkg/voip/calltracker.go:229.37,248.26 13 1
github.com/endorses/lippycat/internal/pkg/voip/calltracker.go:248.26,249.9 1 1
github.com/endorses/lippycat/internal/pkg/voip/calltracker.go:254.2,258.27 3 1
github.com/endorses/lippycat/internal/pkg/voip/calltracker.go:258.27,260.3 1 1
github.com/endorses/lippycat/internal/pkg/voip/calltracker.go:263.2,266.91 2 1
github.com/endorses/lippycat/internal/pkg/voip/calltracker.go:266.91,268.3 1 1
github.com/endorses/lippycat/internal/pkg/voip/calltracker.go:270.2,270.16 1 1
github.com/endorses/lippycat/internal/pkg/voip/calltracker.go:274.40,275.26 1 1
github.com/endorses/lippycat/internal/pkg/voip/calltracker.go:275.26,278.3 1 0
github.com/endorses/lippycat/internal/pkg/voip/calltracker.go:282.2,283.22 2 1
github.com/endorses/lippycat/internal/pkg/voip/calltracker.go:283.22,285.50 1 1
github.com/endorses/lippycat/internal/pkg/voip/calltracker.go:285.50,287.4 1 1
github.com/endorses/lippycat/internal/pkg/voip/calltracker.go:287.9,289.4 1 1
github.com/endorses/lippycat/internal/pkg/voip/calltracker.go:292.2,292.28 1 1
github.com/endorses/lippycat/internal/pkg/voip/calltracker.go:296.47,298.22 2 1
github.com/endorses/lippycat/internal/pkg/voip/calltracker.go:298.22,300.37 1 1
github.com/endorses/lippycat/internal/pkg/voip/calltracker.go:300.37,302.4 1 1
github.com/endorses/lippycat/internal/pkg/voip/calltracker.go:302.9,304.4 1 0
github.com/endorses/lippycat/internal/pkg/voip/calltracker.go:306.2,306.25 1 1
github.com/endorses/lippycat/internal/pkg/voip/calltracker.go:309.38,313.6 3 1
github.com/endorses/lippycat/internal/pkg/voip/calltracker.go:313.6,314.10 1 1
github.com/endorses/lippycat/internal/pkg/voip/calltracker.go:315.31,317.10 2 1
github.com/endorses/lippycat/internal/pkg/voip/calltracker.go:318.19,319.24 1 1
github.com/endorses/lippycat/internal/pkg/voip/calltracker.go:324.42,331.35 5 1
github.com/endorses/lippycat/internal/pkg/voip/calltracker.go:331.35,332.46 1 1
github.com/endorses/lippycat/internal/pkg/voip/calltracker.go:332.46,337.27 2 1
github.com/endorses/lippycat/internal/pkg/voip/calltracker.go:337.27,338.48 1 0
github.com/endorses/lippycat/internal/pkg/voip/calltracker.go:338.48,342.6 1 0
github.com/endorses/lippycat/internal/pkg/voip/calltracker.go:344.4,344.27 1 1
github.com/endorses/lippycat/internal/pkg/voip/calltracker.go:344.27,345.48 1 0
github.com/endorses/lippycat/internal/pkg/voip/calltracker.go:345.48,349.6 1 0
github.com/endorses/lippycat/internal/pkg/voip/calltracker.go:351.4,351.26 1 1
github.com/endorses/lippycat/internal/pkg/voip/config.go:55.27,83.2 23 1
github.com/endorses/lippycat/internal/pkg/voip/config.go:86.26,121.2 3 1
github.com/endorses/lippycat/internal/pkg/voip/core.go:14.73,24.2 6 1
github.com/endorses/lippycat/internal/pkg/voip/core.go:26.54,28.2 1 1
github.com/endorses/lippycat/internal/pkg/voip/core.go:30.57,32.2 1 1
github.com/endorses/lippycat/internal/pkg/voip/core.go:34.85,37.22 2 1
github.com/endorses/lippycat/internal/pkg/voip/core.go:37.22,39.69 2 1
github.com/endorses/lippycat/internal/pkg/voip/core.go:39.69,41.12 1 1
github.com/endorses/lippycat/internal/pkg/voip/core.go:43.3,43.50 1 1
github.com/endorses/lippycat/internal/pkg/voip/core.go:44.20,46.43 1 1
github.com/endorses/lippycat/internal/pkg/voip/core.go:47.20,49.32 1 1
github.com/endorses/lippycat/internal/pkg/voip/core.go:54.60,55.70 1 1
github.com/endorses/lippycat/internal/pkg/voip/core.go:55.70,57.32 2 1
github.com/endorses/lippycat/internal/pkg/voip/core.go:57.32,59.4 1 1
github.com/endorses/lippycat/internal/pkg/voip/core.go:61.2,61.14 1 1
github.com/endorses/lippycat/internal/pkg/voip/rtp.go:13.53,15.14 2 1
github.com/endorses/lippycat/internal/pkg/voip/rtp.go:15.14,17.3 1 1
github.com/endorses/lippycat/internal/pkg/voip/rtp.go:18.2,19.21 2 1
github.com/endorses/lippycat/internal/pkg/voip/rtp.go:19.21,23.25 2 1
github.com/endorses/lippycat/internal/pkg/voip/rtp.go:23.25,28.4 2 1
github.com/endorses/lippycat/internal/pkg/voip/rtp.go:30.3,33.38 4 1
github.com/endorses/lippycat/internal/pkg/voip/rtp.go:37.45,39.27 2 1
github.com/endorses/lippycat/internal/pkg/voip/rtp.go:39.27,41.3 1 0
github.com/endorses/lippycat/internal/pkg/voip/rtp.go:42.2,49.23 8 1
github.com/endorses/lippycat/internal/pkg/voip/rtp.go:52.56,54.27 2 1
github.com/endorses/lippycat/internal/pkg/voip/rtp.go:54.27,56.3 1 0
github.com/endorses/lippycat/internal/pkg/voip/rtp.go:57.2,64.49 6 1
github.com/endorses/lippycat/internal/pkg/voip/rtp.go:64.49,66.3 1 1
github.com/endorses/lippycat/internal/pkg/voip/rtp.go:67.2,67.49 1 1
github.com/endorses/lippycat/internal/pkg/voip/rtp.go:67.49,69.3 1 1
github.com/endorses/lippycat/internal/pkg/voip/rtp.go:70.2,70.11 1 1
github.com/endorses/lippycat/internal/pkg/voip/rtp.go:74.39,75.19 1 1
github.com/endorses/lippycat/internal/pkg/voip/rtp.go:75.19,77.3 1 0
github.com/endorses/lippycat/internal/pkg/voip/rtp.go:80.2,81.16 2 1
github.com/endorses/lippycat/internal/pkg/voip/rtp.go:81.16,83.3 1 1
github.com/endorses/lippycat/internal/pkg/voip/rtp.go:86.2,86.30 1 1
github.com/endorses/lippycat/internal/pkg/voip/rtp.go:86.30,88.3 1 1
github.com/endorses/lippycat/internal/pkg/voip/rtp.go:90.2,90.13 1 1
github.com/endorses/lippycat/internal/pkg/voip/sip.go:10.41,12.21 2 1
github.com/endorses/lippycat/internal/pkg/voip/sip.go:12.21,14.3 1 0
github.com/endorses/lippycat/internal/pkg/voip/sip.go:15.2,16.32 2 1
github.com/endorses/lippycat/internal/pkg/voip/sip.go:16.32,18.3 1 1
github.com/endorses/lippycat/internal/pkg/voip/sip.go:20.2,22.36 2 1
github.com/endorses/lippycat/internal/pkg/voip/sip.go:22.36,24.19 2 1
github.com/endorses/lippycat/internal/pkg/voip/sip.go:24.19,25.41 1 1
github.com/endorses/lippycat/internal/pkg/voip/sip.go:25.41,28.19 3 1
github.com/endorses/lippycat/internal/pkg/voip/sip.go:28.19,30.6 1 1
github.com/endorses/lippycat/internal/pkg/voip/sip.go:32.5,32.37 1 1
github.com/endorses/lippycat/internal/pkg/voip/sip.go:35.3,35.14 1 1
github.com/endorses/lippycat/internal/pkg/voip/sip.go:37.2,37.14 1 1
github.com/endorses/lippycat/internal/pkg/voip/sip.go:40.42,41.39 1 1
github.com/endorses/lippycat/internal/pkg/voip/sip.go:41.39,43.3 1 1
github.com/endorses/lippycat/internal/pkg/voip/sip.go:44.2,44.41 1 1
github.com/endorses/lippycat/internal/pkg/voip/sip.go:44.41,46.3 1 1
github.com/endorses/lippycat/internal/pkg/voip/sip.go:47.2,47.36 1 1
github.com/endorses/lippycat/internal/pkg/voip/sip.go:47.36,49.3 1 1
github.com/endorses/lippycat/internal/pkg/voip/sip.go:50.2,50.39 1 1
github.com/endorses/lippycat/internal/pkg/voip/sip.go:50.39,52.3 1 1
github.com/endorses/lippycat/internal/pkg/voip/sip.go:53.2,53.36 1 1
github.com/endorses/lippycat/internal/pkg/voip/sip.go:53.36,55.3 1 1
github.com/endorses/lippycat/internal/pkg/voip/sip.go:56.2,56.40 1 1
github.com/endorses/lippycat/internal/pkg/voip/sip.go:56.40,58.3 1 1
github.com/endorses/lippycat/internal/pkg/voip/sip.go:59.2,59.40 1 1
github.com/endorses/lippycat/internal/pkg/voip/sip.go:59.40,61.3 1 1
github.com/endorses/lippycat/internal/pkg/voip/sip.go:62.2,62.11 1 1
github.com/endorses/lippycat/internal/pkg/voip/sip.go:65.39,67.40 1 1
github.com/endorses/lippycat/internal/pkg/voip/sip.go:67.40,69.3 1 1
github.com/endorses/lippycat/internal/pkg/voip/sip.go:72.2,72.40 1 1
github.com/endorses/lippycat/internal/pkg/voip/sip.go:72.40,74.3 1 1
github.com/endorses/lippycat/internal/pkg/voip/sip.go:77.2,82.37 1 1
github.com/endorses/lippycat/internal/pkg/voip/sip.go:85.63,88.35 2 1
github.com/endorses/lippycat/internal/pkg/voip/sip.go:88.35,93.3 2 0
github.com/endorses/lippycat/internal/pkg/voip/sip.go:95.2,105.29 9 1
github.com/endorses/lippycat/internal/pkg/voip/sip.go:105.29,107.16 2 1
github.com/endorses/lippycat/internal/pkg/voip/sip.go:107.16,109.12 2 1
github.com/endorses/lippycat/internal/pkg/voip/sip.go:111.3,111.17 1 1
github.com/endorses/lippycat/internal/pkg/voip/sip.go:111.17,113.19 1 1
github.com/endorses/lippycat/internal/pkg/voip/sip.go:113.19,115.13 2 1
github.com/endorses/lippycat/internal/pkg/voip/sip.go:119.4,119.33 1 1
github.com/endorses/lippycat/internal/pkg/voip/sip.go:119.33,123.10 2 0
github.com/endorses/lippycat/internal/pkg/voip/sip.go:126.4,127.17 2 1
github.com/endorses/lippycat/internal/pkg/voip/sip.go:127.17,130.5 2 1
github.com/endorses/lippycat/internal/pkg/voip/sip.go:131.9,133.4 1 1
github.com/endorses/lippycat/internal/pkg/voip/sip.go:136.2,136.38 1 1
github.com/endorses/lippycat/internal/pkg/voip/sip.go:139.52,141.21 2 1
github.com/endorses/lippycat/internal/pkg/voip/sip.go:141.21,143.3 1 1
github.com/endorses/lippycat/internal/pkg/voip/sip.go:144.2,145.15 2 1
github.com/endorses/lippycat/internal/pkg/voip/sip.go:145.15,147.3 1 1
github.com/endorses/lippycat/internal/pkg/voip/sip.go:150.2,152.41 2 1
github.com/endorses/lippycat/internal/pkg/voip/sip.go:156.49,179.52 2 1
github.com/endorses/lippycat/internal/pkg/voip/sip.go:179.52,181.3 1 1
github.com/endorses/lippycat/internal/pkg/voip/sip.go:182.2,182.16 1 1
github.com/endorses/lippycat/internal/pkg/voip/tcp.go:58.51,62.2 3 1
github.com/endorses/lippycat/internal/pkg/voip/tcp.go:64.43,68.2 3 0
github.com/endorses/lippycat/internal/pkg/voip/tcp.go:71.71,76.36 3 1
github.com/endorses/lippycat/internal/pkg/voip/tcp.go:76.36,87.3 8 1
github.com/endorses/lippycat/internal/pkg/voip/tcp.go:90.2,96.3 2 1
github.com/endorses/lippycat/internal/pkg/voip/tcp.go:100.45,105.56 3 1
github.com/endorses/lippycat/internal/pkg/voip/tcp.go:105.56,108.3 2 1
github.com/endorses/lippycat/internal/pkg/voip/tcp.go:112.66,121.13 7 1
github.com/endorses/lippycat/internal/pkg/voip/tcp.go:121.13,124.3 2 1
github.com/endorses/lippycat/internal/pkg/voip/tcp.go:126.2,132.18 4 1
github.com/endorses/lippycat/internal/pkg/voip/tcp.go:133.14,135.44 1 0
github.com/endorses/lippycat/internal/pkg/voip/tcp.go:135.44,138.4 2 0
github.com/endorses/lippycat/internal/pkg/voip/tcp.go:138.9,140.4 1 0
github.com/endorses/lippycat/internal/pkg/voip/tcp.go:141.18,143.44 1 1
github.com/endorses/lippycat/internal/pkg/voip/tcp.go:143.44,146.23 2 0
github.com/endorses/lippycat/internal/pkg/voip/tcp.go:146.23,148.5 1 0
github.com/endorses/lippycat/internal/pkg/voip/tcp.go:149.4,149.49 1 0
github.com/endorses/lippycat/internal/pkg/voip/tcp.go:151.3,151.47 1 1
github.com/endorses/lippycat/internal/pkg/voip/tcp.go:152.10,154.44 1 0
github.com/endorses/lippycat/internal/pkg/voip/tcp.go:154.44,156.4 1 0
github.com/endorses/lippycat/internal/pkg/voip/tcp.go:157.3,157.47 1 0
github.com/endorses/lippycat/internal/pkg/voip/tcp.go:161.2,163.28 3 1
github.com/endorses/lippycat/internal/pkg/voip/tcp.go:167.79,172.13 4 0
github.com/endorses/lippycat/internal/pkg/voip/tcp.go:172.13,174.3 1 0
github.com/endorses/lippycat/internal/pkg/voip/tcp.go:176.2,180.37 3 0
github.com/endorses/lippycat/internal/pkg/voip/tcp.go:180.37,181.16 1 0
github.com/endorses/lippycat/internal/pkg/voip/tcp.go:181.16,183.4 1 0
github.com/endorses/lippycat/internal/pkg/voip/tcp.go:187.2,188.32 2 0
github.com/endorses/lippycat/internal/pkg/voip/tcp.go:215.41,226.2 3 1
github.com/endorses/lippycat/internal/pkg/voip/tcp.go:229.49,240.46 7 0
github.com/endorses/lippycat/internal/pkg/voip/tcp.go:240.46,244.46 3 0
github.com/endorses/lippycat/internal/pkg/voip/tcp.go:244.46,245.30 1 0
github.com/endorses/lippycat/internal/pkg/voip/tcp.go:245.30,246.10 1 0
github.com/endorses/lippycat/internal/pkg/voip/tcp.go:248.4,253.11 6 0
github.com/endorses/lippycat/internal/pkg/voip/tcp.go:258.2,265.24 7 0
github.com/endorses/lippycat/internal/pkg/voip/tcp.go:265.24,270.3 1 0
github.com/endorses/lippycat/internal/pkg/voip/tcp.go:281.42,285.2 1 1
github.com/endorses/lippycat/internal/pkg/voip/tcp.go:287.47,290.27 3 1
github.com/endorses/lippycat/internal/pkg/voip/tcp.go:290.27,295.3 4 1
github.com/endorses/lippycat/internal/pkg/voip/tcp.go:298.40,300.9 2 1
github.com/endorses/lippycat/internal/pkg/voip/tcp.go:301.16,304.18 3 1
github.com/endorses/lippycat/internal/pkg/voip/tcp.go:305.29,306.12 1 1
github.com/endorses/lippycat/internal/pkg/voip/tcp.go:310.34,313.15 3 1
github.com/endorses/lippycat/internal/pkg/voip/tcp.go:313.15,316.3 2 1
github.com/endorses/lippycat/internal/pkg/voip/tcp.go:347.45,360.2 3 1
github.com/endorses/lippycat/internal/pkg/voip/tcp.go:381.73,405.43 8 1
github.com/endorses/lippycat/internal/pkg/voip/tcp.go:405.43,407.3 1 1
github.com/endorses/lippycat/internal/pkg/voip/tcp.go:410.2,412.16 2 1
github.com/endorses/lippycat/internal/pkg/voip/tcp.go:416.56,417.35 1 1
github.com/endorses/lippycat/internal/pkg/voip/tcp.go:418.20,420.34 1 1
github.com/endorses/lippycat/internal/pkg/voip/tcp.go:420.34,422.4 1 1
github.com/endorses/lippycat/internal/pkg/voip/tcp.go:423.3,423.38 1 1
github.com/endorses/lippycat/internal/pkg/voip/tcp.go:423.38,425.4 1 1
github.com/endorses/lippycat/internal/pkg/voip/tcp.go:426.3,427.36 2 1
github.com/endorses/lippycat/internal/pkg/voip/tcp.go:429.17,434.47 4 1
github.com/endorses/lippycat/internal/pkg/voip/tcp.go:436.16,442.40 5 1
github.com/endorses/lippycat/internal/pkg/voip/tcp.go:444.10,444.10 0 1
github.com/endorses/lippycat/internal/pkg/voip/tcp.go:449.43,452.6 2 1
github.com/endorses/lippycat/internal/pkg/voip/tcp.go:452.6,453.10 1 1
github.com/endorses/lippycat/internal/pkg/voip/tcp.go:454.23,456.8 1 1
github.com/endorses/lippycat/internal/pkg/voip/tcp.go:456.8,457.12 1 1
github.com/endorses/lippycat/internal/pkg/voip/tcp.go:458.42,459.38 1 0
github.com/endorses/lippycat/internal/pkg/voip/tcp.go:459.38,461.7 1 0
github.com/endorses/lippycat/internal/pkg/voip/tcp.go:462.13,463.12 1 1
github.com/endorses/lippycat/internal/pkg/voip/tcp.go:466.40,469.47 2 0
github.com/endorses/lippycat/internal/pkg/voip/tcp.go:469.47,487.5 8 0
github.com/endorses/lippycat/internal/pkg/voip/tcp.go:487.10,489.12 1 0
github.com/endorses/lippycat/internal/pkg/voip/tcp.go:490.40,490.40 0 0
github.com/endorses/lippycat/internal/pkg/voip/tcp.go:492.13,495.38 2 0
github.com/endorses/lippycat/internal/pkg/voip/tcp.go:495.38,497.7 1 0
github.com/endorses/lippycat/internal/pkg/voip/tcp.go:499.6,502.34 4 0
github.com/endorses/lippycat/internal/pkg/voip/tcp.go:510.45,511.15 1 1
github.com/endorses/lippycat/internal/pkg/voip/tcp.go:511.15,512.31 1 1
github.com/endorses/lippycat/internal/pkg/voip/tcp.go:512.31,514.4 1 0
github.com/endorses/lippycat/internal/pkg/voip/tcp.go:517.2,517.6 1 1
github.com/endorses/lippycat/internal/pkg/voip/tcp.go:517.6,518.10 1 1
github.com/endorses/lippycat/internal/pkg/voip/tcp.go:519.23,521.10 2 1
github.com/endorses/lippycat/internal/pkg/voip/tcp.go:522.28,529.35 4 0
github.com/endorses/lippycat/internal/pkg/voip/tcp.go:529.35,531.5 1 0
github.com/endorses/lippycat/internal/pkg/voip/tcp.go:537.56,544.6 4 0
github.com/endorses/lippycat/internal/pkg/voip/tcp.go:544.6,545.10 1 0
github.com/endorses/lippycat/internal/pkg/voip/tcp.go:546.40,547.48 1 0
github.com/endorses/lippycat/internal/pkg/voip/tcp.go:547.48,549.37 1 0
github.com/endorses/lippycat/internal/pkg/voip/tcp.go:549.37,551.6 1 0
github.com/endorses/lippycat/internal/pkg/voip/tcp.go:552.5,557.33 5 0
github.com/endorses/lippycat/internal/pkg/voip/tcp.go:558.10,560.12 1 0
github.com/endorses/lippycat/internal/pkg/voip/tcp.go:561.40,561.40 0 0
github.com/endorses/lippycat/internal/pkg/voip/tcp.go:563.13,565.38 1 0
github.com/endorses/lippycat/internal/pkg/voip/tcp.go:565.38,567.7 1 0
github.com/endorses/lippycat/internal/pkg/voip/tcp.go:568.6,573.34 5 0
github.com/endorses/lippycat/internal/pkg/voip/tcp.go:575.5,575.20 1 0
github.com/endorses/lippycat/internal/pkg/voip/tcp.go:577.11,579.19 1 0
github.com/endorses/lippycat/internal/pkg/voip/tcp.go:583.2,583.22 1 0
github.com/endorses/lippycat/internal/pkg/voip/tcp.go:583.22,585.3 1 0
github.com/endorses/lippycat/internal/pkg/voip/tcp.go:589.44,595.2 5 0
github.com/endorses/lippycat/internal/pkg/voip/tcp.go:597.81,606.46 5 1
github.com/endorses/lippycat/internal/pkg/voip/tcp.go:606.46,615.10 2 0
github.com/endorses/lippycat/internal/pkg/voip/tcp.go:616.38,625.32 4 0
github.com/endorses/lippycat/internal/pkg/voip/tcp.go:626.11,631.33 4 0
github.com/endorses/lippycat/internal/pkg/voip/tcp.go:631.33,637.5 2 0
github.com/endorses/lippycat/internal/pkg/voip/tcp.go:638.4,645.14 5 0
github.com/endorses/lippycat/internal/pkg/voip/tcp.go:645.14,648.9 3 0
github.com/endorses/lippycat/internal/pkg/voip/tcp.go:648.9,649.13 1 0
github.com/endorses/lippycat/internal/pkg/voip/tcp.go:650.26,651.13 1 0
github.com/endorses/lippycat/internal/pkg/voip/tcp.go:652.14,654.21 2 0
github.com/endorses/lippycat/internal/pkg/voip/tcp.go:654.21,656.8 1 0
github.com/endorses/lippycat/internal/pkg/voip/tcp.go:661.3,661.12 1 0
github.com/endorses/lippycat/internal/pkg/voip/tcp.go:665.2,682.11 8 1
github.com/endorses/lippycat/internal/pkg/voip/tcp.go:685.36,686.21 1 1
github.com/endorses/lippycat/internal/pkg/voip/tcp.go:686.21,688.3 1 1
github.com/endorses/lippycat/internal/pkg/voip/tcp.go:690.2,690.28 1 1
github.com/endorses/lippycat/internal/pkg/voip/tcp.go:690.28,692.3 1 1
github.com/endorses/lippycat/internal/pkg/voip/tcp.go:694.2,694.9 1 1
github.com/endorses/lippycat/internal/pkg/voip/tcp.go:695.23,695.23 0 1
github.com/endorses/lippycat/internal/pkg/voip/tcp.go:696.37,697.67 1 0
github.com/endorses/lippycat/internal/pkg/voip/tcp.go:700.2,700.22 1 1
github.com/endorses/lippycat/internal/pkg/voip/tcp.go:704.56,706.2 1 1
github.com/endorses/lippycat/internal/pkg/voip/tcp.go:709.53,711.2 1 1
github.com/endorses/lippycat/internal/pkg/voip/tcp.go:714.49,716.2 1 0
github.com/endorses/lippycat/internal/pkg/voip/tcp.go:719.51,721.2 1 0
github.com/endorses/lippycat/internal/pkg/voip/tcp.go:724.45,725.9 1 1
github.com/endorses/lippycat/internal/pkg/voip/tcp.go:726.22,727.15 1 1
github.com/endorses/lippycat/internal/pkg/voip/tcp.go:728.10,728.10 0 1
github.com/endorses/lippycat/internal/pkg/voip/tcp.go:732.2,742.18 6 1
github.com/endorses/lippycat/internal/pkg/voip/tcp.go:742.18,744.3 1 0
github.com/endorses/lippycat/internal/pkg/voip/tcp.go:747.2,753.32 6 1
github.com/endorses/lippycat/internal/pkg/voip/tcp.go:753.32,755.3 1 0
github.com/endorses/lippycat/internal/pkg/voip/tcp.go:757.2,757.13 1 1
github.com/endorses/lippycat/internal/pkg/voip/tcp.go:761.69,794.2 8 1
github.com/endorses/lippycat/internal/pkg/voip/tcp.go:797.49,801.6 3 1
github.com/endorses/lippycat/internal/pkg/voip/tcp.go:801.6,802.10 1 1
github.com/endorses/lippycat/internal/pkg/voip/tcp.go:803.23,804.10 1 1
github.com/endorses/lippycat/internal/pkg/voip/tcp.go:805.19,806.25 1 1
github.com/endorses/lippycat/internal/pkg/voip/tcp.go:812.48,823.33 7 1
github.com/endorses/lippycat/internal/pkg/voip/tcp.go:823.33,824.59 1 1
github.com/endorses/lippycat/internal/pkg/voip/tcp.go:824.59,827.4 1 0
github.com/endorses/lippycat/internal/pkg/voip/tcp.go:827.9,827.66 1 1
github.com/endorses/lippycat/internal/pkg/voip/tcp.go:827.66,830.4 1 1
github.com/endorses/lippycat/internal/pkg/voip/tcp.go:834.2,838.31 1 1
github.com/endorses/lippycat/internal/pkg/voip/tcp.go:842.49,844.31 1 0
github.com/endorses/lippycat/internal/pkg/voip/tcp.go:844.31,846.3 1 0
github.com/endorses/lippycat/internal/pkg/voip/tcp.go:847.2,847.78 1 0
github.com/endorses/lippycat/internal/pkg/voip/tcp.go:851.48,853.32 1 1
github.com/endorses/lippycat/internal/pkg/voip/tcp.go:853.32,855.3 1 1
github.com/endorses/lippycat/internal/pkg/voip/tcp.go:856.2,856.79 1 1
github.com/endorses/lippycat/internal/pkg/voip/tcp.go:860.56,868.33 5 0
github.com/endorses/lippycat/internal/pkg/voip/tcp.go:868.33,877.3 3 0
github.com/endorses/lippycat/internal/pkg/voip/tcp.go:881.48,885.38 3 0
github.com/endorses/lippycat/internal/pkg/voip/tcp.go:885.38,886.37 1 0
github.com/endorses/lippycat/internal/pkg/voip/tcp.go:886.37,888.4 1 0
github.com/endorses/lippycat/internal/pkg/voip/tcp.go:890.2,895.45 4 0
github.com/endorses/lippycat/internal/pkg/voip/tcp.go:895.45,897.65 2 0
github.com/endorses/lippycat/internal/pkg/voip/tcp.go:897.65,901.4 3 0
github.com/endorses/lippycat/internal/pkg/voip/tcp.go:901.9,903.32 1 0
github.com/endorses/lippycat/internal/pkg/voip/tcp.go:903.32,906.5 2 0
github.com/endorses/lippycat/internal/pkg/voip/tcp.go:907.4,907.22 1 0
github.com/endorses/lippycat/internal/pkg/voip/tcp.go:910.2,914.44 2 0
github.com/endorses/lippycat/internal/pkg/voip/tcp.go:924.52,928.2 3 1
github.com/endorses/lippycat/internal/pkg/voip/tcp.go:931.53,935.29 3 1
github.com/endorses/lippycat/internal/pkg/voip/tcp.go:935.29,941.3 1 0
github.com/endorses/lippycat/internal/pkg/voip/tcp.go:943.2,943.43 1 1
github.com/endorses/lippycat/internal/pkg/voip/tcp.go:947.35,951.29 3 0
github.com/endorses/lippycat/internal/pkg/voip/tcp.go:951.29,953.3 1 0
github.com/endorses/lippycat/internal/pkg/voip/tcp.go:955.2,955.37 1 0
github.com/endorses/lippycat/internal/pkg/voip/tcp.go:959.54,970.2 4 0
github.com/endorses/lippycat/internal/pkg/voip/tcp.go:991.27,992.15 1 1
github.com/endorses/lippycat/internal/pkg/voip/tcp.go:992.15,994.23 1 1
github.com/endorses/lippycat/internal/pkg/voip/tcp.go:994.23,996.4 1 1
github.com/endorses/lippycat/internal/pkg/voip/tcp.go:999.3,1001.31 3 1
github.com/endorses/lippycat/internal/pkg/voip/tcp.go:1001.31,1009.4 2 1
github.com/endorses/lippycat/internal/pkg/voip/tcp.go:1009.9,1011.4 1 1
github.com/endorses/lippycat/internal/pkg/voip/tcp.go:1012.3,1015.30 2 1
github.com/endorses/lippycat/internal/pkg/voip/tcp.go:1015.30,1017.4 1 1
github.com/endorses/lippycat/internal/pkg/voip/tcp.go:1020.3,1023.42 1 1
github.com/endorses/lippycat/internal/pkg/voip/tcp.go:1027.2,1028.19 2 1
github.com/endorses/lippycat/internal/pkg/voip/tcp.go:1028.19,1030.3 1 1
github.com/endorses/lippycat/internal/pkg/voip/tcp.go:1030.8,1032.3 1 0
github.com/endorses/lippycat/internal/pkg/voip/tcp.go:1036.37,1039.16 2 0
github.com/endorses/lippycat/internal/pkg/voip/tcp.go:1039.16,1040.20 1 0
github.com/endorses/lippycat/internal/pkg/voip/tcp.go:1040.20,1042.4 1 0
github.com/endorses/lippycat/internal/pkg/voip/tcp.go:1043.3,1043.9 1 0
github.com/endorses/lippycat/internal/pkg/voip/tcp.go:1046.2,1046.26 1 0
github.com/endorses/lippycat/internal/pkg/voip/tcp.go:1046.26,1048.3 1 0
github.com/endorses/lippycat/internal/pkg/voip/tcp.go:1051.2,1054.33 3 0
github.com/endorses/lippycat/internal/pkg/voip/tcp.go:1058.51,1064.29 2 1
github.com/endorses/lippycat/internal/pkg/voip/tcp.go:1064.29,1065.10 1 1
github.com/endorses/lippycat/internal/pkg/voip/tcp.go:1066.23,1067.10 1 1
github.com/endorses/lippycat/internal/pkg/voip/tcp.go:1068.11,1068.11 0 1
github.com/endorses/lippycat/internal/pkg/voip/tcp.go:1072.3,1073.17 2 1
github.com/endorses/lippycat/internal/pkg/voip/tcp.go:1073.17,1074.21 1 1
github.com/endorses/lippycat/internal/pkg/voip/tcp.go:1074.21,1076.5 1 1
github.com/endorses/lippycat/internal/pkg/voip/tcp.go:1077.4,1077.9 1 1
github.com/endorses/lippycat/internal/pkg/voip/tcp.go:1080.3,1080.26 1 0
github.com/endorses/lippycat/internal/pkg/voip/tcp.go:1080.26,1085.4 4 0
github.com/endorses/lippycat/internal/pkg/voip/tcp.go:1089.2,1089.41 1 1
github.com/endorses/lippycat/internal/pkg/voip/tcp.go:1089.41,1091.3 1 0
github.com/endorses/lippycat/internal/pkg/voip/tcp.go:1095.58,1098.35 1 0
github.com/endorses/lippycat/internal/pkg/voip/tcp.go:1098.35,1100.3 1 0
github.com/endorses/lippycat/internal/pkg/voip/tcp.go:1103.2,1106.18 3 0
github.com/endorses/lippycat/internal/pkg/voip/tcp.go:1106.18,1116.16 5 0
github.com/endorses/lippycat/internal/pkg/voip/tcp.go:1116.16,1119.4 1 0
github.com/endorses/lippycat/internal/pkg/voip/tcp.go:1119.9,1122.4 1 0
github.com/endorses/lippycat/internal/pkg/voip/tcp.go:1125.3,1125.40 1 0
github.com/endorses/lippycat/internal/pkg/voip/tcp.go:1125.40,1127.4 1 0
github.com/endorses/lippycat/internal/pkg/voip/tcp.go:1133.62,1141.6 7 1
github.com/endorses/lippycat/internal/pkg/voip/tcp.go:1141.6,1142.10 1 1
github.com/endorses/lippycat/internal/pkg/voip/tcp.go:1143.23,1144.27 1 1
github.com/endorses/lippycat/internal/pkg/voip/tcp.go:1145.11,1145.11 0 1
github.com/endorses/lippycat/internal/pkg/voip/tcp.go:1148.3,1149.17 2 1
github.com/endorses/lippycat/internal/pkg/voip/tcp.go:1149.17,1151.4 1 0
github.com/endorses/lippycat/internal/pkg/voip/tcp.go:1153.3,1158.19 3 0
github.com/endorses/lippycat/internal/pkg/voip/tcp.go:1158.19,1160.64 1 0
github.com/endorses/lippycat/internal/pkg/voip/tcp.go:1160.64,1162.5 1 0
github.com/endorses/lippycat/internal/pkg/voip/tcp.go:1165.4,1165.25 1 0
github.com/endorses/lippycat/internal/pkg/voip/tcp.go:1165.25,1167.27 2 0
github.com/endorses/lippycat/internal/pkg/voip/tcp.go:1167.27,1170.6 1 0
github.com/endorses/lippycat/internal/pkg/voip/tcp.go:1171.5,1171.13 1 0
github.com/endorses/lippycat/internal/pkg/voip/tcp.go:1175.4,1175.74 1 0
github.com/endorses/lippycat/internal/pkg/voip/tcp.go:1175.74,1177.24 2 0
github.com/endorses/lippycat/internal/pkg/voip/tcp.go:1177.24,1179.76 2 0
github.com/endorses/lippycat/internal/pkg/voip/tcp.go:1179.76,1181.7 1 0
github.com/endorses/lippycat/internal/pkg/voip/tcp.go:1184.9,1187.38 2 0
github.com/endorses/lippycat/internal/pkg/voip/tcp.go:1187.38,1190.5 1 0
github.com/endorses/lippycat/internal/pkg/voip/tcp.go:1196.52,1199.29 2 1
github.com/endorses/lippycat/internal/pkg/voip/tcp.go:1199.29,1200.33 1 1
github.com/endorses/lippycat/internal/pkg/voip/tcp.go:1200.33,1202.4 1 1
github.com/endorses/lippycat/internal/pkg/voip/tcp.go:1202.9,1203.9 1 1
github.com/endorses/lippycat/internal/pkg/voip/tcp.go:1206.2,1206.20 1 1
github.com/endorses/lippycat/internal/pkg/voip/tcp.go:1210.59,1214.62 2 1
github.com/endorses/lippycat/internal/pkg/voip/tcp.go:1214.62,1217.3 2 1
github.com/endorses/lippycat/internal/pkg/voip/tcp.go:1220.2,1220.56 1 1
github.com/endorses/lippycat/internal/pkg/voip/tcp.go:1220.56,1223.3 2 1
github.com/endorses/lippycat/internal/pkg/voip/tcp.go:1225.2,1225.14 1 1
github.com/endorses/lippycat/internal/pkg/voip/tcp.go:1228.100,1229.58 1 1
github.com/endorses/lippycat/internal/pkg/voip/tcp.go:1229.58,1231.69 2 1
github.com/endorses/lippycat/internal/pkg/voip/tcp.go:1231.69,1246.4 4 1
github.com/endorses/lippycat/internal/pkg/voip/testhelpers.go:9.49,11.19 2 1
github.com/endorses/lippycat/internal/pkg/voip/testhelpers.go:11.19,13.3 1 1
github.com/endorses/lippycat/internal/pkg/voip/testhelpers.go:14.2,14.16 1 1
github.com/endorses/lippycat/internal/pkg/voip/testhelpers.go:19.58,27.16 5 1
github.com/endorses/lippycat/internal/pkg/voip/testhelpers.go:27.16,30.3 2 1
github.com/endorses/lippycat/internal/pkg/voip/testhelpers.go:35.28,36.27 1 0
github.com/endorses/lippycat/internal/pkg/voip/testhelpers.go:36.27,38.3 1 0
github.com/endorses/lippycat/internal/pkg/voip/testhelpers.go:39.2,40.27 2 0
github.com/endorses/lippycat/internal/pkg/voip/udp.go:13.66,15.58 2 1
github.com/endorses/lippycat/internal/pkg/voip/udp.go:15.58,16.69 1 1
github.com/endorses/lippycat/internal/pkg/voip/udp.go:16.69,18.11 2 1
github.com/endorses/lippycat/internal/pkg/voip/udp.go:18.11,21.5 2 0
github.com/endorses/lippycat/internal/pkg/voip/udp.go:22.4,23.34 2 1
github.com/endorses/lippycat/internal/pkg/voip/udp.go:23.34,25.5 1 1
github.com/endorses/lippycat/internal/pkg/voip/udp.go:26.4,28.20 3 1
github.com/endorses/lippycat/internal/pkg/voip/udp.go:28.20,30.46 2 1
github.com/endorses/lippycat/internal/pkg/voip/udp.go:30.46,32.6 1 0
github.com/endorses/lippycat/internal/pkg/voip/udp.go:32.11,34.6 1 1
github.com/endorses/lippycat/internal/pkg/voip/udp.go:35.5,35.42 1 1
github.com/endorses/lippycat/internal/pkg/voip/udp.go:35.42,37.6 1 1
github.com/endorses/lippycat/internal/pkg/voip/udp.go:40.8,40.30 1 1
github.com/endorses/lippycat/internal/pkg/voip/udp.go:40.30,42.44 2 1
github.com/endorses/lippycat/internal/pkg/voip/udp.go:42.44,44.4 1 0
github.com/endorses/lippycat/internal/pkg/voip/udp.go:44.9,46.4 1 1
github.com/endorses/lippycat/internal/pkg/voip/writer.go:17.21,21.20 3 1
github.com/endorses/lippycat/internal/pkg/voip/writer.go:21.20,22.41 1 1
github.com/endorses/lippycat/internal/pkg/voip/writer.go:22.41,24.4 1 1
github.com/endorses/lippycat/internal/pkg/voip/writer.go:25.3,25.16 1 1
github.com/endorses/lippycat/internal/pkg/voip/writer.go:27.2,27.20 1 1
github.com/endorses/lippycat/internal/pkg/voip/writer.go:27.20,28.41 1 1
github.com/endorses/lippycat/internal/pkg/voip/writer.go:28.41,30.4 1 1
github.com/endorses/lippycat/internal/pkg/voip/writer.go:31.3,31.16 1 1
github.com/endorses/lippycat/internal/pkg/voip/writer.go:35.54,40.70 4 1
github.com/endorses/lippycat/internal/pkg/voip/writer.go:40.70,41.98 1 1
github.com/endorses/lippycat/internal/pkg/voip/writer.go:41.98,46.4 2 0
github.com/endorses/lippycat/internal/pkg/voip/writer.go:47.3,47.32 1 1
github.com/endorses/lippycat/internal/pkg/voip/writer.go:51.54,56.70 4 1
github.com/endorses/lippycat/internal/pkg/voip/writer.go:56.70,57.98 1 1
github.com/endorses/lippycat/internal/pkg/voip/writer.go:57.98,62.4 2 0
github.com/endorses/lippycat/internal/pkg/voip/writer.go:63.3,63.32 1 1
