mode: set
github.com/endorses/lippycat/internal/pkg/capture/pcaptypes/live.go:15.47,17.25 1 1
github.com/endorses/lippycat/internal/pkg/capture/pcaptypes/live.go:17.25,20.3 2 0
github.com/endorses/lippycat/internal/pkg/capture/pcaptypes/live.go:22.2,26.16 5 1
github.com/endorses/lippycat/internal/pkg/capture/pcaptypes/live.go:26.16,28.3 1 1
github.com/endorses/lippycat/internal/pkg/capture/pcaptypes/live.go:30.2,31.12 2 0
github.com/endorses/lippycat/internal/pkg/capture/pcaptypes/live.go:34.59,36.25 2 1
github.com/endorses/lippycat/internal/pkg/capture/pcaptypes/live.go:36.25,38.3 1 1
github.com/endorses/lippycat/internal/pkg/capture/pcaptypes/live.go:39.2,39.26 1 1
github.com/endorses/lippycat/internal/pkg/capture/pcaptypes/live.go:42.42,44.2 1 1
github.com/endorses/lippycat/internal/pkg/capture/pcaptypes/offline.go:15.50,19.2 3 1
github.com/endorses/lippycat/internal/pkg/capture/pcaptypes/offline.go:21.62,23.25 2 1
github.com/endorses/lippycat/internal/pkg/capture/pcaptypes/offline.go:23.25,25.3 1 1
github.com/endorses/lippycat/internal/pkg/capture/pcaptypes/offline.go:26.2,26.26 1 1
github.com/endorses/lippycat/internal/pkg/capture/pcaptypes/offline.go:29.45,30.23 1 1
github.com/endorses/lippycat/internal/pkg/capture/pcaptypes/offline.go:30.23,32.3 1 1
github.com/endorses/lippycat/internal/pkg/capture/pcaptypes/offline.go:33.2,33.18 1 1
github.com/endorses/lippycat/internal/pkg/capture/pcaptypes/pcapinterface.go:15.55,20.2 4 1
github.com/endorses/lippycat/internal/pkg/capture/pcaptypes/pcapinterface.go:22.55,27.2 4 1
github.com/endorses/lippycat/internal/pkg/voip/sipusers/sipusers.go:18.55,22.13 4 1
github.com/endorses/lippycat/internal/pkg/voip/sipusers/sipusers.go:22.13,25.3 2 1
github.com/endorses/lippycat/internal/pkg/voip/sipusers/sipusers.go:28.56,29.42 1 1
github.com/endorses/lippycat/internal/pkg/voip/sipusers/sipusers.go:29.42,31.3 1 1
github.com/endorses/lippycat/internal/pkg/voip/sipusers/sipusers.go:34.37,37.39 3 1
github.com/endorses/lippycat/internal/pkg/voip/sipusers/sipusers.go:37.39,39.3 1 1
github.com/endorses/lippycat/internal/pkg/voip/sipusers/sipusers.go:42.49,45.37 3 1
github.com/endorses/lippycat/internal/pkg/voip/sipusers/sipusers.go:45.37,47.3 1 1
github.com/endorses/lippycat/internal/pkg/voip/sipusers/sipusers.go:50.41,57.35 4 1
github.com/endorses/lippycat/internal/pkg/voip/sipusers/sipusers.go:57.35,61.61 2 1
github.com/endorses/lippycat/internal/pkg/voip/sipusers/sipusers.go:61.61,63.4 1 1
github.com/endorses/lippycat/internal/pkg/voip/sipusers/sipusers.go:65.2,65.14 1 1
github.com/endorses/lippycat/main.go:5.13,7.2 1 0
github.com/endorses/lippycat/cmd/interfaces.go:17.47,19.24 1 0
github.com/endorses/lippycat/cmd/interfaces.go:19.24,23.4 3 0
github.com/endorses/lippycat/cmd/interfaces.go:25.3,26.17 2 0
github.com/endorses/lippycat/cmd/interfaces.go:26.17,30.4 3 0
github.com/endorses/lippycat/cmd/interfaces.go:32.3,34.34 3 0
github.com/endorses/lippycat/cmd/interfaces.go:34.34,36.47 1 0
github.com/endorses/lippycat/cmd/interfaces.go:36.47,41.79 3 0
github.com/endorses/lippycat/cmd/interfaces.go:41.79,44.20 2 0
github.com/endorses/lippycat/cmd/interfaces.go:44.20,46.7 1 0
github.com/endorses/lippycat/cmd/interfaces.go:48.5,48.18 1 0
github.com/endorses/lippycat/cmd/interfaces.go:52.3,52.22 1 0
github.com/endorses/lippycat/cmd/interfaces.go:52.22,54.4 1 0
github.com/endorses/lippycat/cmd/interfaces.go:56.3,57.81 2 0
github.com/endorses/lippycat/cmd/interfaces.go:61.51,74.42 3 1
github.com/endorses/lippycat/cmd/interfaces.go:74.42,75.38 1 1
github.com/endorses/lippycat/cmd/interfaces.go:75.38,77.4 1 1
github.com/endorses/lippycat/cmd/interfaces.go:80.2,80.13 1 1
github.com/endorses/lippycat/cmd/interfaces.go:83.46,91.44 3 1
github.com/endorses/lippycat/cmd/interfaces.go:91.44,92.38 1 1
github.com/endorses/lippycat/cmd/interfaces.go:92.38,94.4 1 1
github.com/endorses/lippycat/cmd/interfaces.go:96.2,96.14 1 1
github.com/endorses/lippycat/cmd/interfaces.go:99.46,104.20 2 1
github.com/endorses/lippycat/cmd/interfaces.go:104.20,106.3 1 1
github.com/endorses/lippycat/cmd/interfaces.go:108.2,108.13 1 1
github.com/endorses/lippycat/cmd/interfaces.go:111.13,113.2 1 1
github.com/endorses/lippycat/cmd/root.go:21.16,23.16 2 0
github.com/endorses/lippycat/cmd/root.go:23.16,25.3 1 0
github.com/endorses/lippycat/cmd/root.go:28.30,30.2 1 1
github.com/endorses/lippycat/cmd/root.go:32.13,43.2 5 1
github.com/endorses/lippycat/cmd/root.go:45.19,46.19 1 0
github.com/endorses/lippycat/cmd/root.go:46.19,48.3 1 0
github.com/endorses/lippycat/cmd/root.go:48.8,55.3 5 0
github.com/endorses/lippycat/cmd/root.go:57.2,59.45 2 0
github.com/endorses/lippycat/cmd/root.go:59.45,61.3 1 0
github.com/endorses/lippycat/internal/pkg/logger/logger.go:16.19,17.17 1 1
github.com/endorses/lippycat/internal/pkg/logger/logger.go:17.17,24.3 2 1
github.com/endorses/lippycat/internal/pkg/logger/logger.go:28.25,31.2 2 1
github.com/endorses/lippycat/internal/pkg/logger/logger.go:34.36,36.2 1 1
github.com/endorses/lippycat/internal/pkg/logger/logger.go:39.64,41.2 1 1
github.com/endorses/lippycat/internal/pkg/logger/logger.go:44.36,46.2 1 1
github.com/endorses/lippycat/internal/pkg/logger/logger.go:49.64,51.2 1 1
github.com/endorses/lippycat/internal/pkg/logger/logger.go:54.37,56.2 1 1
github.com/endorses/lippycat/internal/pkg/logger/logger.go:59.65,61.2 1 1
github.com/endorses/lippycat/internal/pkg/logger/logger.go:64.37,66.2 1 1
github.com/endorses/lippycat/internal/pkg/logger/logger.go:69.65,71.2 1 1
github.com/endorses/lippycat/internal/pkg/logger/logger.go:74.37,76.2 1 1
github.com/endorses/lippycat/internal/pkg/logger/logger.go:79.42,81.2 1 1
github.com/endorses/lippycat/cmd/sniff/sniff.go:24.47,25.20 1 0
github.com/endorses/lippycat/cmd/sniff/sniff.go:25.20,27.3 1 0
github.com/endorses/lippycat/cmd/sniff/sniff.go:27.8,29.3 1 0
github.com/endorses/lippycat/cmd/sniff/sniff.go:32.13,41.2 7 1
github.com/endorses/lippycat/cmd/sniff/voip.go:26.53,30.51 3 0
github.com/endorses/lippycat/cmd/sniff/voip.go:30.51,32.3 1 0
github.com/endorses/lippycat/cmd/sniff/voip.go:34.2,40.20 3 0
github.com/endorses/lippycat/cmd/sniff/voip.go:40.20,42.3 1 0
github.com/endorses/lippycat/cmd/sniff/voip.go:42.8,44.3 1 0
github.com/endorses/lippycat/cmd/sniff/voip.go:47.13,50.2 2 1
github.com/endorses/lippycat/internal/pkg/capture/capture.go:32.73,41.2 2 1
github.com/endorses/lippycat/internal/pkg/capture/capture.go:43.51,45.39 1 1
github.com/endorses/lippycat/internal/pkg/capture/capture.go:45.39,47.3 1 1
github.com/endorses/lippycat/internal/pkg/capture/capture.go:50.2,50.15 1 1
github.com/endorses/lippycat/internal/pkg/capture/capture.go:50.15,51.31 1 1
github.com/endorses/lippycat/internal/pkg/capture/capture.go:51.31,54.4 1 0
github.com/endorses/lippycat/internal/pkg/capture/capture.go:58.2,58.9 1 1
github.com/endorses/lippycat/internal/pkg/capture/capture.go:59.23,60.15 1 1
github.com/endorses/lippycat/internal/pkg/capture/capture.go:61.10,61.10 0 1
github.com/endorses/lippycat/internal/pkg/capture/capture.go:64.2,64.9 1 1
github.com/endorses/lippycat/internal/pkg/capture/capture.go:65.20,66.14 1 1
github.com/endorses/lippycat/internal/pkg/capture/capture.go:67.23,68.15 1 0
github.com/endorses/lippycat/internal/pkg/capture/capture.go:69.10,72.46 2 1
github.com/endorses/lippycat/internal/pkg/capture/capture.go:72.46,75.4 1 1
github.com/endorses/lippycat/internal/pkg/capture/capture.go:76.3,76.15 1 1
github.com/endorses/lippycat/internal/pkg/capture/capture.go:80.53,82.2 1 1
github.com/endorses/lippycat/internal/pkg/capture/capture.go:84.33,86.51 1 1
github.com/endorses/lippycat/internal/pkg/capture/capture.go:86.51,89.3 1 1
github.com/endorses/lippycat/internal/pkg/capture/capture.go:91.2,97.59 4 1
github.com/endorses/lippycat/internal/pkg/capture/capture.go:97.59,100.3 1 1
github.com/endorses/lippycat/internal/pkg/capture/capture.go:103.41,105.2 1 1
github.com/endorses/lippycat/internal/pkg/capture/capture.go:107.172,121.31 10 0
github.com/endorses/lippycat/internal/pkg/capture/capture.go:121.31,123.40 2 0
github.com/endorses/lippycat/internal/pkg/capture/capture.go:123.40,126.18 3 0
github.com/endorses/lippycat/internal/pkg/capture/capture.go:126.18,131.5 2 0
github.com/endorses/lippycat/internal/pkg/capture/capture.go:132.4,133.35 2 0
github.com/endorses/lippycat/internal/pkg/capture/capture.go:133.35,138.5 2 0
github.com/endorses/lippycat/internal/pkg/capture/capture.go:139.4,140.56 2 0
github.com/endorses/lippycat/internal/pkg/capture/capture.go:144.2,144.12 1 0
github.com/endorses/lippycat/internal/pkg/capture/capture.go:144.12,145.10 1 0
github.com/endorses/lippycat/internal/pkg/capture/capture.go:146.21,148.24 1 0
github.com/endorses/lippycat/internal/pkg/capture/capture.go:149.11,151.24 2 0
github.com/endorses/lippycat/internal/pkg/capture/capture.go:155.2,155.26 1 0
github.com/endorses/lippycat/internal/pkg/capture/capture.go:155.26,156.13 1 0
github.com/endorses/lippycat/internal/pkg/capture/capture.go:156.13,159.8 2 0
github.com/endorses/lippycat/internal/pkg/capture/capture.go:159.8,160.12 1 0
github.com/endorses/lippycat/internal/pkg/capture/capture.go:161.23,162.12 1 0
github.com/endorses/lippycat/internal/pkg/capture/capture.go:163.13,167.33 2 0
github.com/endorses/lippycat/internal/pkg/capture/capture.go:167.33,169.7 1 0
github.com/endorses/lippycat/internal/pkg/capture/capture.go:175.2,175.20 1 0
github.com/endorses/lippycat/internal/pkg/capture/capture.go:178.116,180.33 2 0
github.com/endorses/lippycat/internal/pkg/capture/capture.go:180.33,185.3 2 0
github.com/endorses/lippycat/internal/pkg/capture/capture.go:186.2,187.22 2 0
github.com/endorses/lippycat/internal/pkg/capture/capture.go:187.22,193.3 2 0
github.com/endorses/lippycat/internal/pkg/capture/capture.go:194.2,201.12 5 0
github.com/endorses/lippycat/internal/pkg/capture/capture.go:201.12,202.7 1 0
github.com/endorses/lippycat/internal/pkg/capture/capture.go:202.7,203.11 1 0
github.com/endorses/lippycat/internal/pkg/capture/capture.go:204.22,205.11 1 0
github.com/endorses/lippycat/internal/pkg/capture/capture.go:206.20,212.33 3 0
github.com/endorses/lippycat/internal/pkg/capture/capture.go:217.2,217.45 1 0
github.com/endorses/lippycat/internal/pkg/capture/capture.go:217.45,218.10 1 0
github.com/endorses/lippycat/internal/pkg/capture/capture.go:219.21,220.10 1 0
github.com/endorses/lippycat/internal/pkg/capture/capture.go:221.11,227.36 3 0
github.com/endorses/lippycat/internal/pkg/capture/capture.go:234.32,238.39 2 1
github.com/endorses/lippycat/internal/pkg/capture/capture.go:238.39,240.15 2 1
github.com/endorses/lippycat/internal/pkg/capture/capture.go:240.15,242.4 1 1
github.com/endorses/lippycat/internal/pkg/capture/capture.go:246.2,246.26 1 1
github.com/endorses/lippycat/internal/pkg/capture/snifferstarter.go:20.119,22.56 2 1
github.com/endorses/lippycat/internal/pkg/capture/snifferstarter.go:22.56,25.3 2 1
github.com/endorses/lippycat/internal/pkg/capture/snifferstarter.go:26.2,26.31 1 1
github.com/endorses/lippycat/internal/pkg/capture/snifferstarter.go:29.120,31.16 2 1
github.com/endorses/lippycat/internal/pkg/capture/snifferstarter.go:31.16,36.3 2 0
github.com/endorses/lippycat/internal/pkg/capture/snifferstarter.go:39.2,50.12 7 1
github.com/endorses/lippycat/internal/pkg/capture/snifferstarter.go:50.12,53.3 2 1
github.com/endorses/lippycat/internal/pkg/capture/snifferstarter.go:56.2,56.9 1 1
github.com/endorses/lippycat/internal/pkg/capture/snifferstarter.go:57.14,57.14 0 1
github.com/endorses/lippycat/internal/pkg/capture/snifferstarter.go:59.20,62.23 1 0
github.com/endorses/lippycat/internal/pkg/capture/snifferstarter.go:66.69,72.2 5 0
github.com/endorses/lippycat/internal/pkg/capture/snifferstarter.go:81.51,85.2 1 0
github.com/endorses/lippycat/internal/pkg/capture/snifferstarter.go:87.78,91.9 2 0
github.com/endorses/lippycat/internal/pkg/capture/snifferstarter.go:92.34,95.33 2 0
github.com/endorses/lippycat/internal/pkg/capture/snifferstarter.go:96.10,99.36 1 0
github.com/endorses/lippycat/internal/pkg/capture/snifferstarter.go:102.2,102.11 1 0
github.com/endorses/lippycat/internal/pkg/capture/snifferstarter.go:105.60,106.15 1 0
github.com/endorses/lippycat/internal/pkg/capture/snifferstarter.go:106.15,111.35 3 0
github.com/endorses/lippycat/internal/pkg/capture/snifferstarter.go:111.35,114.4 1 0
github.com/endorses/lippycat/internal/pkg/capture/snifferstarter.go:117.2,117.18 1 0
github.com/endorses/lippycat/internal/pkg/capture/snifferstarter.go:121.36,123.2 1 0
github.com/endorses/lippycat/internal/pkg/capture/snifferstarter.go:125.33,128.6 2 1
github.com/endorses/lippycat/internal/pkg/capture/snifferstarter.go:128.6,130.17 2 1
github.com/endorses/lippycat/internal/pkg/capture/snifferstarter.go:130.17,131.21 1 1
github.com/endorses/lippycat/internal/pkg/capture/snifferstarter.go:131.21,133.5 1 1
github.com/endorses/lippycat/internal/pkg/capture/snifferstarter.go:134.4,134.10 1 1
github.com/endorses/lippycat/internal/pkg/capture/snifferstarter.go:136.3,136.13 1 1
github.com/endorses/lippycat/internal/pkg/capture/snifferstarter.go:136.13,138.4 1 0
github.com/endorses/lippycat/internal/pkg/capture/snifferstarter.go:141.3,142.20 2 1
github.com/endorses/lippycat/internal/pkg/capture/snifferstarter.go:142.20,146.4 1 1
github.com/endorses/lippycat/internal/pkg/capture/snifferstarter.go:150.84,151.28 1 0
github.com/endorses/lippycat/internal/pkg/capture/snifferstarter.go:151.28,153.50 2 0
github.com/endorses/lippycat/internal/pkg/capture/snifferstarter.go:154.20,160.5 1 0
github.com/endorses/lippycat/internal/pkg/capture/snifferstarter.go:161.20,161.20 0 0
github.com/endorses/lippycat/internal/pkg/capture/snifferstarter.go:164.3,164.31 1 0
github.com/endorses/lippycat/internal/pkg/voip/calltracker.go:53.32,54.24 1 1
github.com/endorses/lippycat/internal/pkg/voip/calltracker.go:54.24,56.3 1 1
github.com/endorses/lippycat/internal/pkg/voip/calltracker.go:57.2,57.23 1 1
github.com/endorses/lippycat/internal/pkg/voip/calltracker.go:60.36,77.2 5 1
github.com/endorses/lippycat/internal/pkg/voip/calltracker.go:79.39,83.24 3 1
github.com/endorses/lippycat/internal/pkg/voip/calltracker.go:83.24,86.3 2 1
github.com/endorses/lippycat/internal/pkg/voip/calltracker.go:90.45,91.33 1 1
github.com/endorses/lippycat/internal/pkg/voip/calltracker.go:91.33,95.13 3 1
github.com/endorses/lippycat/internal/pkg/voip/calltracker.go:95.13,98.4 2 1
github.com/endorses/lippycat/internal/pkg/voip/calltracker.go:103.35,104.28 1 1
github.com/endorses/lippycat/internal/pkg/voip/calltracker.go:104.28,105.30 1 1
github.com/endorses/lippycat/internal/pkg/voip/calltracker.go:105.30,107.4 1 1
github.com/endorses/lippycat/internal/pkg/voip/calltracker.go:109.3,110.36 2 1
github.com/endorses/lippycat/internal/pkg/voip/calltracker.go:110.36,111.27 1 1
github.com/endorses/lippycat/internal/pkg/voip/calltracker.go:111.27,113.5 1 0
github.com/endorses/lippycat/internal/pkg/voip/calltracker.go:114.4,114.27 1 1
github.com/endorses/lippycat/internal/pkg/voip/calltracker.go:114.27,116.5 1 0
github.com/endorses/lippycat/internal/pkg/voip/calltracker.go:117.4,117.26 1 1
github.com/endorses/lippycat/internal/pkg/voip/calltracker.go:119.3,119.17 1 1
github.com/endorses/lippycat/internal/pkg/voip/calltracker.go:124.28,126.2 1 1
github.com/endorses/lippycat/internal/pkg/voip/calltracker.go:128.54,135.2 5 1
github.com/endorses/lippycat/internal/pkg/voip/calltracker.go:137.48,143.13 5 1
github.com/endorses/lippycat/internal/pkg/voip/calltracker.go:143.13,145.3 1 1
github.com/endorses/lippycat/internal/pkg/voip/calltracker.go:147.2,147.20 1 1
github.com/endorses/lippycat/internal/pkg/voip/calltracker.go:150.73,156.13 5 1
github.com/endorses/lippycat/internal/pkg/voip/calltracker.go:156.13,164.44 2 1
github.com/endorses/lippycat/internal/pkg/voip/calltracker.go:164.44,165.45 1 0
github.com/endorses/lippycat/internal/pkg/voip/calltracker.go:165.45,171.5 2 0
github.com/endorses/lippycat/internal/pkg/voip/calltracker.go:173.3,173.33 1 1
github.com/endorses/lippycat/internal/pkg/voip/calltracker.go:175.2,175.13 1 1
github.com/endorses/lippycat/internal/pkg/voip/calltracker.go:178.40,179.55 1 1
github.com/endorses/lippycat/internal/pkg/voip/calltracker.go:179.55,181.3 1 1
github.com/endorses/lippycat/internal/pkg/voip/calltracker.go:183.2,188.16 5 1
github.com/endorses/lippycat/internal/pkg/voip/calltracker.go:188.16,190.3 1 0
github.com/endorses/lippycat/internal/pkg/voip/calltracker.go:192.2,193.16 2 1
github.com/endorses/lippycat/internal/pkg/voip/calltracker.go:193.16,194.23 1 0
github.com/endorses/lippycat/internal/pkg/voip/calltracker.go:194.23,196.4 1 0
github.com/endorses/lippycat/internal/pkg/voip/calltracker.go:197.3,197.70 1 0
github.com/endorses/lippycat/internal/pkg/voip/calltracker.go:200.2,203.94 3 1
github.com/endorses/lippycat/internal/pkg/voip/calltracker.go:203.94,207.3 3 0
github.com/endorses/lippycat/internal/pkg/voip/calltracker.go:209.2,209.94 1 1
github.com/endorses/lippycat/internal/pkg/voip/calltracker.go:209.94,213.3 3 0
github.com/endorses/lippycat/internal/pkg/voip/calltracker.go:215.2,215.12 1 1
github.com/endorses/lippycat/internal/pkg/voip/calltracker.go:218.33,220.14 1 1
github.com/endorses/lippycat/internal/pkg/voip/calltracker.go:220.14,222.3 1 1
github.com/endorses/lippycat/internal/pkg/voip/calltracker.go:225.2,229.37 3 1
github.com/endorses/lippycat/internal/pkg/voip/calltracker.go:229.37,248.26 13 1
github.com/endorses/lippycat/internal/pkg/voip/calltracker.go:248.26,249.9 1 1
github.com/endorses/lippycat/internal/pkg/voip/calltracker.go:254.2,258.27 3 1
github.com/endorses/lippycat/internal/pkg/voip/calltracker.go:258.27,260.3 1 1
github.com/endorses/lippycat/internal/pkg/voip/calltracker.go:263.2,266.91 2 1
github.com/endorses/lippycat/internal/pkg/voip/calltracker.go:266.91,268.3 1 1
github.com/endorses/lippycat/internal/pkg/voip/calltracker.go:270.2,270.16 1 1
github.com/endorses/lippycat/internal/pkg/voip/calltracker.go:274.40,275.26 1 1
github.com/endorses/lippycat/internal/pkg/voip/calltracker.go:275.26,278.3 1 0
github.com/endorses/lippycat/internal/pkg/voip/calltracker.go:282.2,283.22 2 1
github.com/endorses/lippycat/internal/pkg/voip/calltracker.go:283.22,285.50 1 1
github.com/endorses/lippycat/internal/pkg/voip/calltracker.go:285.50,287.4 1 1
github.com/endorses/lippycat/internal/pkg/voip/calltracker.go:287.9,289.4 1 1
github.com/endorses/lippycat/internal/pkg/voip/calltracker.go:292.2,292.28 1 1
github.com/endorses/lippycat/internal/pkg/voip/calltracker.go:296.47,298.22 2 1
github.com/endorses/lippycat/internal/pkg/voip/calltracker.go:298.22,300.37 1 1
github.com/endorses/lippycat/internal/pkg/voip/calltracker.go:300.37,302.4 1 1
github.com/endorses/lippycat/internal/pkg/voip/calltracker.go:302.9,304.4 1 0
github.com/endorses/lippycat/internal/pkg/voip/calltracker.go:306.2,306.25 1 1
github.com/endorses/lippycat/internal/pkg/voip/calltracker.go:309.38,313.6 3 1
github.com/endorses/lippycat/internal/pkg/voip/calltracker.go:313.6,314.10 1 1
github.com/endorses/lippycat/internal/pkg/voip/calltracker.go:315.31,317.10 2 1
github.com/endorses/lippycat/internal/pkg/voip/calltracker.go:318.19,319.24 1 1
github.com/endorses/lippycat/internal/pkg/voip/calltracker.go:324.42,331.35 5 1
github.com/endorses/lippycat/internal/pkg/voip/calltracker.go:331.35,332.46 1 1
github.com/endorses/lippycat/internal/pkg/voip/calltracker.go:332.46,337.27 2 1
github.com/endorses/lippycat/internal/pkg/voip/calltracker.go:337.27,338.48 1 0
github.com/endorses/lippycat/internal/pkg/voip/calltracker.go:338.48,342.6 1 0
github.com/endorses/lippycat/internal/pkg/voip/calltracker.go:344.4,344.27 1 1
github.com/endorses/lippycat/internal/pkg/voip/calltracker.go:344.27,345.48 1 0
github.com/endorses/lippycat/internal/pkg/voip/calltracker.go:345.48,349.6 1 0
github.com/endorses/lippycat/internal/pkg/voip/calltracker.go:351.4,351.26 1 1
github.com/endorses/lippycat/internal/pkg/voip/config.go:33.27,41.2 7 1
github.com/endorses/lippycat/internal/pkg/voip/config.go:44.26,59.2 3 1
github.com/endorses/lippycat/internal/pkg/voip/core.go:14.73,24.2 6 1
github.com/endorses/lippycat/internal/pkg/voip/core.go:26.54,28.2 1 1
github.com/endorses/lippycat/internal/pkg/voip/core.go:30.57,32.2 1 1
github.com/endorses/lippycat/internal/pkg/voip/core.go:34.85,37.22 2 1
github.com/endorses/lippycat/internal/pkg/voip/core.go:37.22,39.69 2 1
github.com/endorses/lippycat/internal/pkg/voip/core.go:39.69,41.12 1 1
github.com/endorses/lippycat/internal/pkg/voip/core.go:43.3,43.50 1 1
github.com/endorses/lippycat/internal/pkg/voip/core.go:44.20,46.43 1 1
github.com/endorses/lippycat/internal/pkg/voip/core.go:47.20,49.32 1 1
github.com/endorses/lippycat/internal/pkg/voip/core.go:54.60,55.70 1 1
github.com/endorses/lippycat/internal/pkg/voip/core.go:55.70,57.32 2 1
github.com/endorses/lippycat/internal/pkg/voip/core.go:57.32,59.4 1 1
github.com/endorses/lippycat/internal/pkg/voip/core.go:61.2,61.14 1 1
github.com/endorses/lippycat/internal/pkg/voip/rtp.go:13.53,15.14 2 1
github.com/endorses/lippycat/internal/pkg/voip/rtp.go:15.14,17.3 1 1
github.com/endorses/lippycat/internal/pkg/voip/rtp.go:18.2,19.21 2 1
github.com/endorses/lippycat/internal/pkg/voip/rtp.go:19.21,23.25 2 1
github.com/endorses/lippycat/internal/pkg/voip/rtp.go:23.25,28.4 2 1
github.com/endorses/lippycat/internal/pkg/voip/rtp.go:30.3,33.38 4 1
github.com/endorses/lippycat/internal/pkg/voip/rtp.go:37.45,39.27 2 1
github.com/endorses/lippycat/internal/pkg/voip/rtp.go:39.27,41.3 1 0
github.com/endorses/lippycat/internal/pkg/voip/rtp.go:42.2,49.23 8 1
github.com/endorses/lippycat/internal/pkg/voip/rtp.go:52.56,54.27 2 1
github.com/endorses/lippycat/internal/pkg/voip/rtp.go:54.27,56.3 1 0
github.com/endorses/lippycat/internal/pkg/voip/rtp.go:57.2,64.49 6 1
github.com/endorses/lippycat/internal/pkg/voip/rtp.go:64.49,66.3 1 1
github.com/endorses/lippycat/internal/pkg/voip/rtp.go:67.2,67.49 1 1
github.com/endorses/lippycat/internal/pkg/voip/rtp.go:67.49,69.3 1 1
github.com/endorses/lippycat/internal/pkg/voip/rtp.go:70.2,70.11 1 1
github.com/endorses/lippycat/internal/pkg/voip/rtp.go:74.39,75.19 1 1
github.com/endorses/lippycat/internal/pkg/voip/rtp.go:75.19,77.3 1 0
github.com/endorses/lippycat/internal/pkg/voip/rtp.go:80.2,81.16 2 1
github.com/endorses/lippycat/internal/pkg/voip/rtp.go:81.16,83.3 1 1
github.com/endorses/lippycat/internal/pkg/voip/rtp.go:86.2,86.30 1 1
github.com/endorses/lippycat/internal/pkg/voip/rtp.go:86.30,88.3 1 1
github.com/endorses/lippycat/internal/pkg/voip/rtp.go:90.2,90.13 1 1
github.com/endorses/lippycat/internal/pkg/voip/sip.go:10.41,12.21 2 1
github.com/endorses/lippycat/internal/pkg/voip/sip.go:12.21,14.3 1 0
github.com/endorses/lippycat/internal/pkg/voip/sip.go:15.2,16.32 2 1
github.com/endorses/lippycat/internal/pkg/voip/sip.go:16.32,18.3 1 1
github.com/endorses/lippycat/internal/pkg/voip/sip.go:20.2,22.36 2 1
github.com/endorses/lippycat/internal/pkg/voip/sip.go:22.36,24.19 2 1
github.com/endorses/lippycat/internal/pkg/voip/sip.go:24.19,25.41 1 1
github.com/endorses/lippycat/internal/pkg/voip/sip.go:25.41,28.19 3 1
github.com/endorses/lippycat/internal/pkg/voip/sip.go:28.19,30.6 1 1
github.com/endorses/lippycat/internal/pkg/voip/sip.go:32.5,32.37 1 1
github.com/endorses/lippycat/internal/pkg/voip/sip.go:35.3,35.14 1 1
github.com/endorses/lippycat/internal/pkg/voip/sip.go:37.2,37.14 1 1
github.com/endorses/lippycat/internal/pkg/voip/sip.go:40.42,41.39 1 1
github.com/endorses/lippycat/internal/pkg/voip/sip.go:41.39,43.3 1 1
github.com/endorses/lippycat/internal/pkg/voip/sip.go:44.2,44.41 1 1
github.com/endorses/lippycat/internal/pkg/voip/sip.go:44.41,46.3 1 1
github.com/endorses/lippycat/internal/pkg/voip/sip.go:47.2,47.36 1 1
github.com/endorses/lippycat/internal/pkg/voip/sip.go:47.36,49.3 1 1
github.com/endorses/lippycat/internal/pkg/voip/sip.go:50.2,50.39 1 1
github.com/endorses/lippycat/internal/pkg/voip/sip.go:50.39,52.3 1 1
github.com/endorses/lippycat/internal/pkg/voip/sip.go:53.2,53.36 1 1
github.com/endorses/lippycat/internal/pkg/voip/sip.go:53.36,55.3 1 1
github.com/endorses/lippycat/internal/pkg/voip/sip.go:56.2,56.40 1 1
github.com/endorses/lippycat/internal/pkg/voip/sip.go:56.40,58.3 1 1
github.com/endorses/lippycat/internal/pkg/voip/sip.go:59.2,59.40 1 1
github.com/endorses/lippycat/internal/pkg/voip/sip.go:59.40,61.3 1 1
github.com/endorses/lippycat/internal/pkg/voip/sip.go:62.2,62.11 1 1
github.com/endorses/lippycat/internal/pkg/voip/sip.go:65.39,67.40 1 1
github.com/endorses/lippycat/internal/pkg/voip/sip.go:67.40,69.3 1 1
github.com/endorses/lippycat/internal/pkg/voip/sip.go:72.2,72.40 1 1
github.com/endorses/lippycat/internal/pkg/voip/sip.go:72.40,74.3 1 1
github.com/endorses/lippycat/internal/pkg/voip/sip.go:77.2,82.37 1 1
github.com/endorses/lippycat/internal/pkg/voip/sip.go:85.63,88.35 2 1
github.com/endorses/lippycat/internal/pkg/voip/sip.go:88.35,93.3 2 0
github.com/endorses/lippycat/internal/pkg/voip/sip.go:95.2,105.29 9 1
github.com/endorses/lippycat/internal/pkg/voip/sip.go:105.29,107.16 2 1
github.com/endorses/lippycat/internal/pkg/voip/sip.go:107.16,109.12 2 1
github.com/endorses/lippycat/internal/pkg/voip/sip.go:111.3,111.17 1 1
github.com/endorses/lippycat/internal/pkg/voip/sip.go:111.17,113.19 1 1
github.com/endorses/lippycat/internal/pkg/voip/sip.go:113.19,115.13 2 1
github.com/endorses/lippycat/internal/pkg/voip/sip.go:119.4,119.33 1 1
github.com/endorses/lippycat/internal/pkg/voip/sip.go:119.33,123.10 2 0
github.com/endorses/lippycat/internal/pkg/voip/sip.go:126.4,127.17 2 1
github.com/endorses/lippycat/internal/pkg/voip/sip.go:127.17,130.5 2 1
github.com/endorses/lippycat/internal/pkg/voip/sip.go:131.9,133.4 1 1
github.com/endorses/lippycat/internal/pkg/voip/sip.go:136.2,136.38 1 1
github.com/endorses/lippycat/internal/pkg/voip/sip.go:139.52,141.21 2 1
github.com/endorses/lippycat/internal/pkg/voip/sip.go:141.21,143.3 1 1
github.com/endorses/lippycat/internal/pkg/voip/sip.go:144.2,145.15 2 1
github.com/endorses/lippycat/internal/pkg/voip/sip.go:145.15,147.3 1 1
github.com/endorses/lippycat/internal/pkg/voip/sip.go:150.2,152.41 2 1
github.com/endorses/lippycat/internal/pkg/voip/sip.go:156.49,179.52 2 1
github.com/endorses/lippycat/internal/pkg/voip/sip.go:179.52,181.3 1 1
github.com/endorses/lippycat/internal/pkg/voip/sip.go:182.2,182.16 1 1
github.com/endorses/lippycat/internal/pkg/voip/tcp.go:28.42,32.2 1 1
github.com/endorses/lippycat/internal/pkg/voip/tcp.go:34.47,37.27 3 1
github.com/endorses/lippycat/internal/pkg/voip/tcp.go:37.27,42.3 4 1
github.com/endorses/lippycat/internal/pkg/voip/tcp.go:45.40,47.9 2 1
github.com/endorses/lippycat/internal/pkg/voip/tcp.go:48.16,51.18 3 1
github.com/endorses/lippycat/internal/pkg/voip/tcp.go:52.29,53.12 1 1
github.com/endorses/lippycat/internal/pkg/voip/tcp.go:57.34,60.15 3 1
github.com/endorses/lippycat/internal/pkg/voip/tcp.go:60.15,63.3 2 1
github.com/endorses/lippycat/internal/pkg/voip/tcp.go:81.73,96.2 6 1
github.com/endorses/lippycat/internal/pkg/voip/tcp.go:98.43,101.6 2 1
github.com/endorses/lippycat/internal/pkg/voip/tcp.go:101.6,102.10 1 1
github.com/endorses/lippycat/internal/pkg/voip/tcp.go:103.23,105.8 1 1
github.com/endorses/lippycat/internal/pkg/voip/tcp.go:105.8,106.12 1 1
github.com/endorses/lippycat/internal/pkg/voip/tcp.go:107.42,108.38 1 0
github.com/endorses/lippycat/internal/pkg/voip/tcp.go:108.38,110.7 1 0
github.com/endorses/lippycat/internal/pkg/voip/tcp.go:111.13,112.12 1 1
github.com/endorses/lippycat/internal/pkg/voip/tcp.go:115.40,118.47 2 0
github.com/endorses/lippycat/internal/pkg/voip/tcp.go:118.47,128.5 3 0
github.com/endorses/lippycat/internal/pkg/voip/tcp.go:128.10,130.12 1 0
github.com/endorses/lippycat/internal/pkg/voip/tcp.go:131.40,131.40 0 0
github.com/endorses/lippycat/internal/pkg/voip/tcp.go:133.13,136.38 2 0
github.com/endorses/lippycat/internal/pkg/voip/tcp.go:136.38,138.7 1 0
github.com/endorses/lippycat/internal/pkg/voip/tcp.go:145.81,151.46 4 1
github.com/endorses/lippycat/internal/pkg/voip/tcp.go:151.46,158.10 2 0
github.com/endorses/lippycat/internal/pkg/voip/tcp.go:159.38,164.40 1 0
github.com/endorses/lippycat/internal/pkg/voip/tcp.go:165.11,170.33 4 0
github.com/endorses/lippycat/internal/pkg/voip/tcp.go:170.33,176.5 2 0
github.com/endorses/lippycat/internal/pkg/voip/tcp.go:177.4,180.14 2 0
github.com/endorses/lippycat/internal/pkg/voip/tcp.go:180.14,183.9 3 0
github.com/endorses/lippycat/internal/pkg/voip/tcp.go:183.9,184.13 1 0
github.com/endorses/lippycat/internal/pkg/voip/tcp.go:185.26,186.13 1 0
github.com/endorses/lippycat/internal/pkg/voip/tcp.go:187.14,189.21 2 0
github.com/endorses/lippycat/internal/pkg/voip/tcp.go:189.21,191.8 1 0
github.com/endorses/lippycat/internal/pkg/voip/tcp.go:196.3,196.12 1 0
github.com/endorses/lippycat/internal/pkg/voip/tcp.go:200.2,210.11 4 1
github.com/endorses/lippycat/internal/pkg/voip/tcp.go:213.36,214.21 1 1
github.com/endorses/lippycat/internal/pkg/voip/tcp.go:214.21,216.3 1 1
github.com/endorses/lippycat/internal/pkg/voip/tcp.go:218.2,218.22 1 1
github.com/endorses/lippycat/internal/pkg/voip/tcp.go:222.56,224.2 1 1
github.com/endorses/lippycat/internal/pkg/voip/tcp.go:227.53,229.2 1 1
github.com/endorses/lippycat/internal/pkg/voip/tcp.go:238.27,239.15 1 1
github.com/endorses/lippycat/internal/pkg/voip/tcp.go:239.15,241.23 1 1
github.com/endorses/lippycat/internal/pkg/voip/tcp.go:241.23,243.4 1 1
github.com/endorses/lippycat/internal/pkg/voip/tcp.go:245.3,245.31 1 1
github.com/endorses/lippycat/internal/pkg/voip/tcp.go:245.31,249.4 1 1
github.com/endorses/lippycat/internal/pkg/voip/tcp.go:251.3,251.30 1 1
github.com/endorses/lippycat/internal/pkg/voip/tcp.go:251.30,253.4 1 1
github.com/endorses/lippycat/internal/pkg/voip/tcp.go:256.2,257.6 2 1
github.com/endorses/lippycat/internal/pkg/voip/tcp.go:257.6,258.10 1 1
github.com/endorses/lippycat/internal/pkg/voip/tcp.go:259.23,261.10 2 1
github.com/endorses/lippycat/internal/pkg/voip/tcp.go:262.11,262.11 0 1
github.com/endorses/lippycat/internal/pkg/voip/tcp.go:266.3,267.17 2 1
github.com/endorses/lippycat/internal/pkg/voip/tcp.go:267.17,268.21 1 1
github.com/endorses/lippycat/internal/pkg/voip/tcp.go:268.21,270.5 1 0
github.com/endorses/lippycat/internal/pkg/voip/tcp.go:271.4,271.10 1 1
github.com/endorses/lippycat/internal/pkg/voip/tcp.go:275.3,279.40 3 1
github.com/endorses/lippycat/internal/pkg/voip/tcp.go:279.41,281.4 0 1
github.com/endorses/lippycat/internal/pkg/voip/tcp.go:283.3,283.19 1 1
github.com/endorses/lippycat/internal/pkg/voip/tcp.go:283.19,286.4 2 1
github.com/endorses/lippycat/internal/pkg/voip/tcp.go:291.59,295.62 2 1
github.com/endorses/lippycat/internal/pkg/voip/tcp.go:295.62,298.3 2 1
github.com/endorses/lippycat/internal/pkg/voip/tcp.go:301.2,301.56 1 1
github.com/endorses/lippycat/internal/pkg/voip/tcp.go:301.56,304.3 2 1
github.com/endorses/lippycat/internal/pkg/voip/tcp.go:306.2,306.14 1 1
github.com/endorses/lippycat/internal/pkg/voip/tcp.go:309.100,310.58 1 1
github.com/endorses/lippycat/internal/pkg/voip/tcp.go:310.58,312.69 2 1
github.com/endorses/lippycat/internal/pkg/voip/tcp.go:312.69,320.4 1 1
github.com/endorses/lippycat/internal/pkg/voip/testhelpers.go:9.49,11.19 2 1
github.com/endorses/lippycat/internal/pkg/voip/testhelpers.go:11.19,13.3 1 1
github.com/endorses/lippycat/internal/pkg/voip/testhelpers.go:14.2,14.16 1 1
github.com/endorses/lippycat/internal/pkg/voip/testhelpers.go:19.58,27.16 5 1
github.com/endorses/lippycat/internal/pkg/voip/testhelpers.go:27.16,30.3 2 1
github.com/endorses/lippycat/internal/pkg/voip/testhelpers.go:35.28,36.27 1 0
github.com/endorses/lippycat/internal/pkg/voip/testhelpers.go:36.27,38.3 1 0
github.com/endorses/lippycat/internal/pkg/voip/testhelpers.go:39.2,40.27 2 0
github.com/endorses/lippycat/internal/pkg/voip/udp.go:13.66,15.58 2 1
github.com/endorses/lippycat/internal/pkg/voip/udp.go:15.58,16.69 1 1
github.com/endorses/lippycat/internal/pkg/voip/udp.go:16.69,18.11 2 1
github.com/endorses/lippycat/internal/pkg/voip/udp.go:18.11,21.5 2 0
github.com/endorses/lippycat/internal/pkg/voip/udp.go:22.4,23.34 2 1
github.com/endorses/lippycat/internal/pkg/voip/udp.go:23.34,25.5 1 1
github.com/endorses/lippycat/internal/pkg/voip/udp.go:26.4,28.20 3 1
github.com/endorses/lippycat/internal/pkg/voip/udp.go:28.20,30.46 2 1
github.com/endorses/lippycat/internal/pkg/voip/udp.go:30.46,32.6 1 0
github.com/endorses/lippycat/internal/pkg/voip/udp.go:32.11,34.6 1 1
github.com/endorses/lippycat/internal/pkg/voip/udp.go:35.5,35.42 1 1
github.com/endorses/lippycat/internal/pkg/voip/udp.go:35.42,37.6 1 1
github.com/endorses/lippycat/internal/pkg/voip/udp.go:40.8,40.30 1 1
github.com/endorses/lippycat/internal/pkg/voip/udp.go:40.30,42.44 2 1
github.com/endorses/lippycat/internal/pkg/voip/udp.go:42.44,44.4 1 0
github.com/endorses/lippycat/internal/pkg/voip/udp.go:44.9,46.4 1 1
github.com/endorses/lippycat/internal/pkg/voip/writer.go:17.21,21.20 3 1
github.com/endorses/lippycat/internal/pkg/voip/writer.go:21.20,22.41 1 1
github.com/endorses/lippycat/internal/pkg/voip/writer.go:22.41,24.4 1 1
github.com/endorses/lippycat/internal/pkg/voip/writer.go:25.3,25.16 1 1
github.com/endorses/lippycat/internal/pkg/voip/writer.go:27.2,27.20 1 1
github.com/endorses/lippycat/internal/pkg/voip/writer.go:27.20,28.41 1 1
github.com/endorses/lippycat/internal/pkg/voip/writer.go:28.41,30.4 1 1
github.com/endorses/lippycat/internal/pkg/voip/writer.go:31.3,31.16 1 1
github.com/endorses/lippycat/internal/pkg/voip/writer.go:35.54,40.70 4 1
github.com/endorses/lippycat/internal/pkg/voip/writer.go:40.70,41.98 1 1
github.com/endorses/lippycat/internal/pkg/voip/writer.go:41.98,46.4 2 0
github.com/endorses/lippycat/internal/pkg/voip/writer.go:47.3,47.32 1 1
github.com/endorses/lippycat/internal/pkg/voip/writer.go:51.54,56.70 4 1
github.com/endorses/lippycat/internal/pkg/voip/writer.go:56.70,57.98 1 1
github.com/endorses/lippycat/internal/pkg/voip/writer.go:57.98,62.4 2 0
github.com/endorses/lippycat/internal/pkg/voip/writer.go:63.3,63.32 1 1
